#
# There is insufficient memory for the Java Runtime Environment to continue.
# Native memory allocation (malloc) failed to allocate 1048576 bytes for AllocateHeap
# Possible reasons:
#   The system is out of physical RAM or swap space
#   In 32 bit mode, the process size limit was hit
# Possible solutions:
#   Reduce memory load on the system
#   Increase physical memory or swap space
#   Check if swap backing store is full
#   Use 64 bit Java on a 64 bit OS
#   Decrease Java heap size (-Xmx/-Xms)
#   Decrease number of Java threads
#   Decrease Java thread stack sizes (-Xss)
#   Set larger code cache with -XX:ReservedCodeCacheSize=
# This output file may be truncated or incomplete.
#
#  Out of Memory Error (memory/allocation.inline.hpp:61), pid=1772, tid=8340
#
# JRE version:  (7.0_40-b43) (build )
# Java VM: Java HotSpot(TM) 64-Bit Server VM (24.0-b56 mixed mode windows-amd64 compressed oops)
# Failed to write core dump. Minidumps are not enabled by default on client versions of Windows
#

---------------  T H R E A D  ---------------

Current thread (0x00000000028b0800):  JavaThread "Unknown thread" [_thread_in_vm, id=8340, stack(0x00000000027b0000,0x00000000028b0000)]

Stack: [0x00000000027b0000,0x00000000028b0000]

---------------  P R O C E S S  ---------------

Java Threads: ( => current thread )

Other Threads:

=>0x00000000028b0800 (exited) JavaThread "Unknown thread" [_thread_in_vm, id=8340, stack(0x00000000027b0000,0x00000000028b0000)]

VM state:not at safepoint (normal execution)

VM Mutex/Monitor currently owned by a thread: None

Heap
 PSYoungGen      total 28672K, used 501K [0x00000000e0880000, 0x00000000e2800000, 0x0000000100000000)
  eden space 25088K, 2% used [0x00000000e0880000,0x00000000e08fd778,0x00000000e2100000)
  from space 3584K, 0% used [0x00000000e2480000,0x00000000e2480000,0x00000000e2800000)
  to   space 3584K, 0% used [0x00000000e2100000,0x00000000e2100000,0x00000000e2480000)
 ParOldGen       total 64000K, used 0K [0x00000000a1a00000, 0x00000000a5880000, 0x00000000e0880000)
  object space 64000K, 0% used [0x00000000a1a00000,0x00000000a1a00000,0x00000000a5880000)
 PSPermGen       total 21504K, used 672K [0x000000009c800000, 0x000000009dd00000, 0x00000000a1a00000)
  object space 21504K, 3% used [0x000000009c800000,0x000000009c8a80b0,0x000000009dd00000)

Card table byte_map: [0x00000000059b0000,0x0000000005cd0000] byte_map_base: 0x00000000054cc000

Polling page: 0x0000000000de0000

Code Cache  [0x00000000029b0000, 0x0000000002c20000, 0x00000000059b0000)
 total_blobs=38 nmethods=0 adapters=20 free_code_cache=48889Kb largest_free_block=50062528

Compilation events (0 events):
No events

GC Heap History (0 events):
No events

Deoptimization events (0 events):
No events

Internal exceptions (0 events):
No events

Events (10 events):
Event: 0.071 loading class 0x00000000028f6830
Event: 0.071 loading class 0x00000000028f6830 done
Event: 0.071 loading class 0x00000000028f6880
Event: 0.071 loading class 0x00000000028f6880 done
Event: 0.071 loading class 0x00000000028f68d0
Event: 0.072 loading class 0x00000000028f68d0 done
Event: 0.074 loading class 0x00000000028f7630
Event: 0.074 loading class 0x00000000028f7630 done
Event: 0.074 loading class 0x00000000028f7250
Event: 0.075 loading class 0x00000000028f7250 done


Dynamic libraries:
0x00007ff79ccb0000 - 0x00007ff79cce3000 	c:\Program Files\Java\jdk1.7.0_40\jre\bin\java.exe
0x00007ff99e420000 - 0x00007ff99e5c9000 	C:\WINDOWS\SYSTEM32\ntdll.dll
0x00007ff99c220000 - 0x00007ff99c359000 	C:\WINDOWS\system32\KERNEL32.DLL
0x00007ff99b920000 - 0x00007ff99ba2f000 	C:\WINDOWS\system32\KERNELBASE.dll
0x00007ff99a3d0000 - 0x00007ff99a45b000 	C:\WINDOWS\system32\apphelp.dll
0x00007ff992d70000 - 0x00007ff992dbf000 	C:\WINDOWS\AppPatch\AppPatch64\AcGenral.DLL
0x00007ff99c360000 - 0x00007ff99c407000 	C:\WINDOWS\system32\msvcrt.dll
0x00007ff99b580000 - 0x00007ff99b5ab000 	C:\WINDOWS\SYSTEM32\SspiCli.dll
0x00007ff99c0a0000 - 0x00007ff99c0f1000 	C:\WINDOWS\system32\SHLWAPI.dll
0x00007ff99bcb0000 - 0x00007ff99be21000 	C:\WINDOWS\system32\USER32.dll
0x00007ff99def0000 - 0x00007ff99e066000 	C:\WINDOWS\system32\ole32.dll
0x00007ff99c750000 - 0x00007ff99db60000 	C:\WINDOWS\system32\SHELL32.dll
0x00007ff99adb0000 - 0x00007ff99adcf000 	C:\WINDOWS\SYSTEM32\USERENV.dll
0x00007ff99c560000 - 0x00007ff99c605000 	C:\WINDOWS\system32\ADVAPI32.dll
0x00007ff9933f0000 - 0x00007ff99340b000 	C:\WINDOWS\SYSTEM32\MPR.dll
0x00007ff99c610000 - 0x00007ff99c746000 	C:\WINDOWS\system32\RPCRT4.dll
0x00007ff99e140000 - 0x00007ff99e197000 	C:\WINDOWS\SYSTEM32\sechost.dll
0x00007ff99e1e0000 - 0x00007ff99e3b7000 	C:\WINDOWS\SYSTEM32\combase.dll
0x00007ff99c410000 - 0x00007ff99c555000 	C:\WINDOWS\system32\GDI32.dll
0x00007ff99b7a0000 - 0x00007ff99b7b4000 	C:\WINDOWS\SYSTEM32\profapi.dll
0x00007ff999a20000 - 0x00007ff999ac1000 	C:\WINDOWS\SYSTEM32\SHCORE.dll
0x00007ff99e1a0000 - 0x00007ff99e1d4000 	C:\WINDOWS\system32\IMM32.DLL
0x00007ff99dd40000 - 0x00007ff99de78000 	C:\WINDOWS\system32\MSCTF.dll
0x00007ff999440000 - 0x00007ff99969a000 	C:\WINDOWS\WinSxS\amd64_microsoft.windows.common-controls_6595b64144ccf1df_6.0.9600.16384_none_62475f7becb72503\COMCTL32.dll
0x000000005a670000 - 0x000000005a741000 	c:\Program Files\Java\jdk1.7.0_40\jre\bin\msvcr100.dll
0x0000000059360000 - 0x0000000059b29000 	c:\Program Files\Java\jdk1.7.0_40\jre\bin\server\jvm.dll
0x00007ff98d420000 - 0x00007ff98d429000 	C:\WINDOWS\SYSTEM32\WSOCK32.dll
0x00007ff9933c0000 - 0x00007ff9933df000 	C:\WINDOWS\SYSTEM32\WINMM.dll
0x00007ff99be40000 - 0x00007ff99be47000 	C:\WINDOWS\system32\PSAPI.DLL
0x00007ff99de90000 - 0x00007ff99dee8000 	C:\WINDOWS\system32\WS2_32.dll
0x00007ff9930a0000 - 0x00007ff9930ca000 	C:\WINDOWS\SYSTEM32\WINMMBASE.dll
0x00007ff99de80000 - 0x00007ff99de89000 	C:\WINDOWS\system32\NSI.dll
0x00007ff99ba30000 - 0x00007ff99ba7a000 	C:\WINDOWS\SYSTEM32\cfgmgr32.dll
0x00007ff99a650000 - 0x00007ff99a676000 	C:\WINDOWS\SYSTEM32\DEVOBJ.dll
0x000000005c460000 - 0x000000005c46f000 	c:\Program Files\Java\jdk1.7.0_40\jre\bin\verify.dll
0x000000005c430000 - 0x000000005c458000 	c:\Program Files\Java\jdk1.7.0_40\jre\bin\java.dll
0x000000005c330000 - 0x000000005c345000 	c:\Program Files\Java\jdk1.7.0_40\jre\bin\zip.dll

VM Arguments:
java_command: C:\Users\Mate\Documents\gitrepos\blackjack\blackjack-messaging-client\target\surefire\surefirebooter6236714692996883429.jar C:\Users\Mate\Documents\gitrepos\blackjack\blackjack-messaging-client\target\surefire\surefire8965213023489771118tmp C:\Users\Mate\Documents\gitrepos\blackjack\blackjack-messaging-client\target\surefire\surefire2189553504874371270tmp
Launcher Type: SUN_STANDARD

Environment Variables:
JAVA_HOME=c:\Program Files\Java\jdk1.7.0_40
PATH=C:\Program Files (x86)\Intel\iCLS Client\;C:\Program Files\Intel\iCLS Client\;C:\WINDOWS\system32;C:\WINDOWS;C:\WINDOWS\System32\Wbem;C:\WINDOWS\System32\WindowsPowerShell\v1.0\;C:\Program Files (x86)\Intel\OpenCL SDK\2.0\bin\x86;C:\Program Files (x86)\Intel\OpenCL SDK\2.0\bin\x64;C:\Program Files\Intel\Intel(R) Management Engine Components\DAL;C:\Program Files\Intel\Intel(R) Management Engine Components\IPT;C:\Program Files (x86)\Intel\Intel(R) Management Engine Components\DAL;C:\Program Files (x86)\Intel\Intel(R) Management Engine Components\IPT;C:\Program Files (x86)\Windows Live\Shared;C:\Program Files (x86)\Git\cmd;C:\Program Files (x86)\sbt\;c:\Users\Mate\apps\apache-maven-3.0.5\bin\;c:\Program Files\Java\jre7\bin\
USERNAME=Mate
OS=Windows_NT
PROCESSOR_IDENTIFIER=Intel64 Family 6 Model 58 Stepping 9, GenuineIntel



---------------  S Y S T E M  ---------------

OS: Windows 8 , 64 bit Build 9200 

CPU:total 4 (2 cores per cpu, 2 threads per core) family 6 model 58 stepping 9, cmov, cx8, fxsr, mmx, sse, sse2, sse3, ssse3, sse4.1, sse4.2, popcnt, avx, erms, ht, tsc, tscinvbit, tscinv

Memory: 4k page, physical 6180392k(1362960k free), swap 25054764k(5256k free)

vm_info: Java HotSpot(TM) 64-Bit Server VM (24.0-b56) for windows-amd64 JRE (1.7.0_40-b43), built on Aug 26 2013 22:38:32 by "java_re" with unknown MS VC++:1600

time: Mon Apr 07 20:09:10 2014
elapsed time: 0 seconds

